#! /opt/homebrew/Cellar/icarus-verilog/12.0/bin/vvp
:ivl_version "12.0 (stable)";
:ivl_delay_selection "TYPICAL";
:vpi_time_precision + 0;
:vpi_module "/opt/homebrew/Cellar/icarus-verilog/12.0/lib/ivl/system.vpi";
:vpi_module "/opt/homebrew/Cellar/icarus-verilog/12.0/lib/ivl/vhdl_sys.vpi";
:vpi_module "/opt/homebrew/Cellar/icarus-verilog/12.0/lib/ivl/vhdl_textio.vpi";
:vpi_module "/opt/homebrew/Cellar/icarus-verilog/12.0/lib/ivl/v2005_math.vpi";
:vpi_module "/opt/homebrew/Cellar/icarus-verilog/12.0/lib/ivl/va_math.vpi";
:vpi_module "/opt/homebrew/Cellar/icarus-verilog/12.0/lib/ivl/v2009.vpi";
S_0x126a041c0 .scope package, "$unit" "$unit" 2 1;
 .timescale 0 0;
S_0x126a04380 .scope module, "BaudRateGenerator" "BaudRateGenerator" 3 3;
 .timescale 0 0;
    .port_info 0 /INPUT 1 "clock";
    .port_info 1 /INPUT 1 "reset";
    .port_info 2 /INPUT 1 "start_rx";
    .port_info 3 /INPUT 1 "start_tx";
    .port_info 4 /OUTPUT 1 "tick";
P_0x126a044f0 .param/l "BAUD_RATE" 0 3 5, +C4<00000000000000000010010110000000>;
P_0x126a04530 .param/l "CLK_HZ" 0 3 4, +C4<00000001011111010111100001000000>;
P_0x126a04570 .param/l "DIVISOR" 1 3 15, +C4<00000000000000000000000010100010>;
P_0x126a045b0 .param/l "SAMPLE_RATE" 0 3 6, +C4<00000000000000000000000000010000>;
v0x125e0ade0_0 .net *"_ivl_0", 31 0, L_0x125e1dfb0;  1 drivers
L_0x128078010 .functor BUFT 1, C4<0000000000000000000000>, C4<0>, C4<0>, C4<0>;
v0x125e1d250_0 .net *"_ivl_3", 21 0, L_0x128078010;  1 drivers
L_0x128078058 .functor BUFT 1, C4<00000000000000000000000010100010>, C4<0>, C4<0>, C4<0>;
v0x125e1d2f0_0 .net/2u *"_ivl_4", 31 0, L_0x128078058;  1 drivers
o0x1280400a0 .functor BUFZ 1, C4<z>; HiZ drive
v0x125e1d390_0 .net "clock", 0 0, o0x1280400a0;  0 drivers
v0x125e1d430_0 .var "clockCount", 9 0;
o0x128040100 .functor BUFZ 1, C4<z>; HiZ drive
v0x125e1d520_0 .net "reset", 0 0, o0x128040100;  0 drivers
o0x128040130 .functor BUFZ 1, C4<z>; HiZ drive
v0x125e1d5c0_0 .net "start_rx", 0 0, o0x128040130;  0 drivers
o0x128040160 .functor BUFZ 1, C4<z>; HiZ drive
v0x125e1d660_0 .net "start_tx", 0 0, o0x128040160;  0 drivers
v0x125e1d700_0 .net "tick", 0 0, L_0x125e1e160;  1 drivers
E_0x125e0ba90 .event posedge, v0x125e1d390_0;
L_0x125e1dfb0 .concat [ 10 22 0 0], v0x125e1d430_0, L_0x128078010;
L_0x125e1e160 .cmp/eq 32, L_0x125e1dfb0, L_0x128078058;
S_0x126a04810 .scope module, "baud_rate_generator_tb" "baud_rate_generator_tb" 3 29;
 .timescale 0 0;
v0x125e1ddb0_0 .var "clock", 0 0;
v0x125e1de60_0 .var "reset", 0 0;
v0x125e1df00_0 .var "start_rx", 0 0;
S_0x125e1d880 .scope begin, "$ivl_for_loop0" "$ivl_for_loop0" 3 51, 3 51 0, S_0x126a04810;
 .timescale 0 0;
v0x125e1da70_0 .var/2s "i", 31 0;
E_0x125e1d4c0 .event posedge, v0x125e1ddb0_0;
S_0x125e1db30 .scope begin, "$ivl_for_loop1" "$ivl_for_loop1" 3 55, 3 55 0, S_0x126a04810;
 .timescale 0 0;
v0x125e1dd00_0 .var/2s "i", 31 0;
    .scope S_0x126a04380;
T_0 ;
    %wait E_0x125e0ba90;
    %load/vec4 v0x125e1d520_0;
    %load/vec4 v0x125e1d700_0;
    %or;
    %flag_set/vec4 8;
    %jmp/0xz  T_0.0, 8;
    %pushi/vec4 0, 0, 10;
    %assign/vec4 v0x125e1d430_0, 0;
    %jmp T_0.1;
T_0.0 ;
    %load/vec4 v0x125e1d5c0_0;
    %flag_set/vec4 8;
    %jmp/0xz  T_0.2, 8;
    %pushi/vec4 81, 0, 10;
    %assign/vec4 v0x125e1d430_0, 0;
    %jmp T_0.3;
T_0.2 ;
    %load/vec4 v0x125e1d660_0;
    %flag_set/vec4 8;
    %jmp/0xz  T_0.4, 8;
    %pushi/vec4 0, 0, 10;
    %assign/vec4 v0x125e1d430_0, 0;
    %jmp T_0.5;
T_0.4 ;
    %load/vec4 v0x125e1d430_0;
    %addi 1, 0, 10;
    %assign/vec4 v0x125e1d430_0, 0;
T_0.5 ;
T_0.3 ;
T_0.1 ;
    %jmp T_0;
    .thread T_0;
    .scope S_0x126a04810;
T_1 ;
    %pushi/vec4 0, 0, 1;
    %store/vec4 v0x125e1ddb0_0, 0, 1;
T_1.0 ;
    %delay 1, 0;
    %load/vec4 v0x125e1ddb0_0;
    %inv;
    %store/vec4 v0x125e1ddb0_0, 0, 1;
    %jmp T_1.0;
    %end;
    .thread T_1;
    .scope S_0x126a04810;
T_2 ;
    %end;
    .thread T_2;
    .scope S_0x126a04810;
T_3 ;
    %pushi/vec4 0, 0, 1;
    %store/vec4 v0x125e1df00_0, 0, 1;
    %pushi/vec4 1, 0, 1;
    %assign/vec4 v0x125e1de60_0, 0;
    %wait E_0x125e1d4c0;
    %pushi/vec4 0, 0, 1;
    %assign/vec4 v0x125e1de60_0, 0;
    %fork t_1, S_0x125e1d880;
    %jmp t_0;
    .scope S_0x125e1d880;
t_1 ;
    %pushi/vec4 0, 0, 32;
    %store/vec4 v0x125e1da70_0, 0, 32;
T_3.0 ;
    %load/vec4 v0x125e1da70_0;
    %cmpi/s 1000, 0, 32;
    %jmp/0xz T_3.1, 5;
    %wait E_0x125e1d4c0;
    ; show_stmt_assign_vector: Get l-value for compressed += operand
    %load/vec4 v0x125e1da70_0;
    %pushi/vec4 1, 0, 32;
    %add;
    %cast2;
    %store/vec4 v0x125e1da70_0, 0, 32;
    %jmp T_3.0;
T_3.1 ;
    %end;
    .scope S_0x126a04810;
t_0 %join;
    %pushi/vec4 1, 0, 1;
    %assign/vec4 v0x125e1df00_0, 0;
    %wait E_0x125e1d4c0;
    %pushi/vec4 0, 0, 1;
    %assign/vec4 v0x125e1df00_0, 0;
    %fork t_3, S_0x125e1db30;
    %jmp t_2;
    .scope S_0x125e1db30;
t_3 ;
    %pushi/vec4 0, 0, 32;
    %store/vec4 v0x125e1dd00_0, 0, 32;
T_3.2 ;
    %load/vec4 v0x125e1dd00_0;
    %cmpi/s 1000, 0, 32;
    %jmp/0xz T_3.3, 5;
    %wait E_0x125e1d4c0;
    ; show_stmt_assign_vector: Get l-value for compressed += operand
    %load/vec4 v0x125e1dd00_0;
    %pushi/vec4 1, 0, 32;
    %add;
    %cast2;
    %store/vec4 v0x125e1dd00_0, 0, 32;
    %jmp T_3.2;
T_3.3 ;
    %end;
    .scope S_0x126a04810;
t_2 %join;
    %vpi_call/w 3 56 "$finish" {0 0 0};
    %end;
    .thread T_3;
# The file index is used to find the file name in the following table.
:file_names 4;
    "N/A";
    "<interactive>";
    "-";
    "/Users/jaehyunlim/Documents/CMU/18224-sftp/BobATC/BaudRateGenerator.sv";
