# Preference setting overrides
gui_create_pref_key -category {Globals} -key {load_detail_for_funcov} -value_type {bool} -value {false}

# State setting overrides
gui_state_default_create -off -ini
gui_set_state_value -category Globals -key recent_sessions -value {{gui_load_session -ignore_errors -file /afs/andrew.cmu.edu/usr3/jaehyun3/private/18341-projects/p3-noc-jobitaki/session.inter.vpd.tcl -ignore_errors} {gui_load_session -ignore_errors -file /afs/andrew.cmu.edu/usr3/jaehyun3/private/18341-projects/p3-noc-jobitaki/session.inter.vpd.tcl}}
gui_set_state_value -category Layout -key child_console_size_x -value 1328
gui_set_state_value -category Layout -key child_console_size_y -value 260
gui_set_state_value -category Layout -key child_data_coltype -value 129
gui_set_state_value -category Layout -key child_data_colvalue -value 182
gui_set_state_value -category Layout -key child_data_colvariable -value 244
gui_set_state_value -category Layout -key child_data_size_x -value 541
gui_set_state_value -category Layout -key child_data_size_y -value 396
gui_set_state_value -category Layout -key child_driver_size_x -value 1068
gui_set_state_value -category Layout -key child_driver_size_y -value 308
gui_set_state_value -category Layout -key child_hier_col3 -value {-1}
gui_set_state_value -category Layout -key child_hier_colpd -value 0
gui_set_state_value -category Layout -key child_hier_size_x -value 153
gui_set_state_value -category Layout -key child_hier_size_y -value 396
gui_set_state_value -category Layout -key child_list_down -value 155
gui_set_state_value -category Layout -key child_list_right -value 444
gui_set_state_value -category Layout -key child_source_docknewline -value false
gui_set_state_value -category Layout -key child_source_pos_x -value {-2}
gui_set_state_value -category Layout -key child_source_pos_y -value {-17}
gui_set_state_value -category Layout -key child_source_size_x -value 637
gui_set_state_value -category Layout -key child_source_size_y -value 392
gui_set_state_value -category Layout -key child_watch_size_x -value 1519
gui_set_state_value -category Layout -key child_watch_size_y -value 333
gui_set_state_value -category Layout -key child_wave_colname -value 191
gui_set_state_value -category Layout -key child_wave_colvalue -value 191
gui_set_state_value -category Layout -key child_wave_left -value 387
gui_set_state_value -category Layout -key child_wave_pos_x -value {-2}
gui_set_state_value -category Layout -key child_wave_pos_y -value {-17}
gui_set_state_value -category Layout -key child_wave_right -value 944
gui_set_state_value -category Layout -key child_wave_size_x -value 1362
gui_set_state_value -category Layout -key child_wave_size_y -value 371
gui_set_state_value -category Layout -key main_pos_x -value 0
gui_set_state_value -category Layout -key main_pos_y -value 44
gui_set_state_value -category Layout -key main_size_x -value 1328
gui_set_state_value -category Layout -key main_size_y -value 814
gui_set_state_value -category Layout -key stand_list_child_pos_x -value {-2}
gui_set_state_value -category Layout -key stand_list_child_pos_y -value {-17}
gui_set_state_value -category Layout -key stand_list_child_size_x -value 604
gui_set_state_value -category Layout -key stand_list_child_size_y -value 302
gui_set_state_value -category Layout -key stand_list_top_pos_x -value 246
gui_set_state_value -category Layout -key stand_list_top_pos_y -value 277
gui_set_state_value -category Layout -key stand_list_top_size_x -value 845
gui_set_state_value -category Layout -key stand_list_top_size_y -value 776
gui_set_state_value -category Layout -key stand_source_child_docknewline -value false
gui_set_state_value -category Layout -key stand_source_child_pos_x -value {-2}
gui_set_state_value -category Layout -key stand_source_child_pos_y -value {-15}
gui_set_state_value -category Layout -key stand_source_child_size_x -value 373
gui_set_state_value -category Layout -key stand_source_child_size_y -value 401
gui_set_state_value -category Layout -key stand_wave_child_docknewline -value false
gui_set_state_value -category Layout -key stand_wave_child_pos_x -value {-2}
gui_set_state_value -category Layout -key stand_wave_child_pos_y -value {-17}
gui_set_state_value -category Layout -key stand_wave_child_size_x -value 1341
gui_set_state_value -category Layout -key stand_wave_child_size_y -value 658
gui_set_state_value -category Layout -key stand_wave_top_pos_x -value 29
gui_set_state_value -category Layout -key stand_wave_top_pos_y -value 68
gui_set_state_value -category Layout -key stand_wave_top_size_x -value 1365
gui_set_state_value -category Layout -key stand_wave_top_size_y -value 844
gui_create_state_key -category FindDialog -key m_pMatchCase -value_type bool -value false
gui_create_state_key -category FindDialog -key m_pMatchWord -value_type bool -value false
gui_create_state_key -category FindDialog -key m_pUseCombo -value_type string -value {}
gui_create_state_key -category FindDialog -key m_pWrapAround -value_type bool -value true
gui_state_default_create -off

# Begin command logging
gui_sim_run Ucli -exe ./simv -args {-ucligui  } -dir .
gui_open_window Wave
gui_list_add -id Wave.1 -from Source.1 { uart_tb } -insertionbar
gui_sim_continue  
set dveMisc::stop_tcl_loop 1
gui_sim_stop 
