# Preference setting overrides
gui_create_pref_key -category {Globals} -key {load_detail_for_funcov} -value_type {bool} -value {false}

# State setting overrides
gui_state_default_create -off -ini
gui_set_state_value -category Globals -key recent_sessions -value {{gui_load_session -ignore_errors -file /afs/andrew.cmu.edu/usr3/jaehyun3/private/18341-projects/p3-noc-jobitaki/session.inter.vpd.tcl -ignore_errors} {gui_load_session -ignore_errors -file /afs/andrew.cmu.edu/usr3/jaehyun3/private/18341-projects/p3-noc-jobitaki/session.inter.vpd.tcl}}
gui_set_state_value -category Layout -key child_console_size_x -value 1326
gui_set_state_value -category Layout -key child_console_size_y -value 258
gui_set_state_value -category Layout -key child_data_coltype -value 129
gui_set_state_value -category Layout -key child_data_colvalue -value 182
gui_set_state_value -category Layout -key child_data_colvariable -value 244
gui_set_state_value -category Layout -key child_data_size_x -value 539
gui_set_state_value -category Layout -key child_data_size_y -value 396
gui_set_state_value -category Layout -key child_driver_size_x -value 1068
gui_set_state_value -category Layout -key child_driver_size_y -value 308
gui_set_state_value -category Layout -key child_hier_col3 -value {-1}
gui_set_state_value -category Layout -key child_hier_colpd -value 0
gui_set_state_value -category Layout -key child_hier_size_x -value 151
gui_set_state_value -category Layout -key child_hier_size_y -value 396
gui_set_state_value -category Layout -key child_list_down -value 155
gui_set_state_value -category Layout -key child_list_right -value 444
gui_set_state_value -category Layout -key child_source_docknewline -value false
gui_set_state_value -category Layout -key child_source_pos_x -value {-2}
gui_set_state_value -category Layout -key child_source_pos_y -value {-17}
gui_set_state_value -category Layout -key child_source_size_x -value 639
gui_set_state_value -category Layout -key child_source_size_y -value 392
gui_set_state_value -category Layout -key child_watch_size_x -value 1519
gui_set_state_value -category Layout -key child_watch_size_y -value 333
gui_set_state_value -category Layout -key child_wave_colname -value 191
gui_set_state_value -category Layout -key child_wave_colvalue -value 191
gui_set_state_value -category Layout -key child_wave_left -value 386
gui_set_state_value -category Layout -key child_wave_pos_x -value {-2}
gui_set_state_value -category Layout -key child_wave_pos_y -value {-17}
gui_set_state_value -category Layout -key child_wave_right -value 943
gui_set_state_value -category Layout -key child_wave_size_x -value 1362
gui_set_state_value -category Layout -key child_wave_size_y -value 371
gui_set_state_value -category Layout -key main_pos_x -value 60
gui_set_state_value -category Layout -key main_pos_y -value 59
gui_set_state_value -category Layout -key main_size_x -value 1386
gui_set_state_value -category Layout -key main_size_y -value 827
gui_set_state_value -category Layout -key stand_list_child_pos_x -value {-2}
gui_set_state_value -category Layout -key stand_list_child_pos_y -value {-17}
gui_set_state_value -category Layout -key stand_list_child_size_x -value 604
gui_set_state_value -category Layout -key stand_list_child_size_y -value 302
gui_set_state_value -category Layout -key stand_list_top_pos_x -value 246
gui_set_state_value -category Layout -key stand_list_top_pos_y -value 277
gui_set_state_value -category Layout -key stand_list_top_size_x -value 845
gui_set_state_value -category Layout -key stand_list_top_size_y -value 776
gui_set_state_value -category Layout -key stand_source_child_docknewline -value false
gui_set_state_value -category Layout -key stand_source_child_pos_x -value {-2}
gui_set_state_value -category Layout -key stand_source_child_pos_y -value {-15}
gui_set_state_value -category Layout -key stand_source_child_size_x -value 373
gui_set_state_value -category Layout -key stand_source_child_size_y -value 401
gui_set_state_value -category Layout -key stand_wave_child_docknewline -value false
gui_set_state_value -category Layout -key stand_wave_child_pos_x -value {-2}
gui_set_state_value -category Layout -key stand_wave_child_pos_y -value {-17}
gui_set_state_value -category Layout -key stand_wave_child_size_x -value 1339
gui_set_state_value -category Layout -key stand_wave_child_size_y -value 656
gui_set_state_value -category Layout -key stand_wave_top_pos_x -value 29
gui_set_state_value -category Layout -key stand_wave_top_pos_y -value 112
gui_set_state_value -category Layout -key stand_wave_top_size_x -value 1363
gui_set_state_value -category Layout -key stand_wave_top_size_y -value 886
gui_create_state_key -category FindDialog -key m_pMatchCase -value_type bool -value false
gui_create_state_key -category FindDialog -key m_pMatchWord -value_type bool -value false
gui_create_state_key -category FindDialog -key m_pUseCombo -value_type string -value {}
gui_create_state_key -category FindDialog -key m_pWrapAround -value_type bool -value true
gui_state_default_create -off

# Begin command logging
gui_sim_run Ucli -exe ./simv -args {-ucligui  } -dir .
gui_list_expand -id  Hier.1   uart_tb
gui_open_window Wave
gui_list_add -id Wave.1 -from Hier.1 { uart_tb.dut_rx } -insertionbar
gui_list_expand -id  Hier.1   uart_tb.dut_rx
gui_list_select -id Data.1 -selected  { uart_tb.dut_rx.fsm.state   }
gui_list_add -id Wave.1 -from Data.1 { {uart_tb.dut_rx.fsm.state[1:0]} } -insertionbar
gui_sim_continue  
gui_zoom -window Wave.1 -factor 0.5
gui_zoom -window Wave.1 -factor 0.5
gui_zoom -window Wave.1 -factor 0.5
gui_wv_scroll_hslidermove -id  Wave.1 0
gui_zoom -window Wave.1 -factor 0.5
gui_zoom -window Wave.1 -factor 0.5
gui_wv_scroll_hslidermove -id  Wave.1 1024
gui_wv_scroll_hslidermove -id  Wave.1 651
gui_wv_scroll_hslidermove -id  Wave.1 412
gui_sim_restart
gui_sim_continue  
gui_wv_scroll_hslidermove -id  Wave.1 0
gui_list_select -id Wave.1 -selected  { {uart_tb.dut_rx.data_counter[3:0]}   }
gui_list_select -id Wave.1 -selected  { uart_tb.dut_rx.done   }
gui_list_select -id Wave.1 -selected  { uart_tb.dut_rx.start   }
gui_list_select -id Wave.1 -selected  { uart_tb.dut_rx.done   }
gui_list_select -id Wave.1 -selected  { uart_tb.dut_rx.tick   }
gui_list_select -id Wave.1 -selected  { uart_tb.dut_rx.start   }
gui_marker_move -id  Wave.1 C1 3601
gui_zoom -window Wave.1 -factor 2
gui_zoom -window Wave.1 -factor 2
gui_zoom -window Wave.1 -factor 2
gui_zoom -window Wave.1 -factor 0.5
gui_zoom -window Wave.1 -factor 0.5
gui_zoom -window Wave.1 -factor 2
gui_zoom -window Wave.1 -factor 0.5
gui_zoom -window Wave.1 -factor 0.5
gui_zoom -window Wave.1 -factor 2
gui_zoom -window Wave.1 -factor 2
gui_marker_move -id  Wave.1 C1 3765
gui_list_select -id Wave.1 -selected  { {uart_tb.dut_rx.data_counter[3:0]}   }
gui_sim_restart
gui_sim_continue  
gui_wv_scroll_hslidermove -id  Wave.1 939
gui_list_select -id Wave.1 -selected  { uart_tb.dut_rx.collect_data   }
gui_wv_scroll_hslidermove -id  Wave.1 18
gui_sim_restart
gui_sim_continue  
gui_wv_scroll_hslidermove -id  Wave.1 0
gui_list_select -id Wave.1 -selected  { {uart_tb.dut_rx.fsm.state[1:0]}   }
gui_sim_restart
gui_sim_continue  
gui_wv_scroll_hslidermove -id  Wave.1 0
gui_zoom -window Wave.1 -factor 0.5
gui_marker_move -id  Wave.1 C1 177
gui_marker_move -id  Wave.1 C1 501
gui_list_select -id Wave.1 -selected  { uart_tb.dut_rx.collect_data   }
gui_list_select -id Wave.1 -selected  { {uart_tb.dut_rx.data[8:0]}   }
gui_zoom -window Wave.1 -factor 2
gui_zoom -window Wave.1 -factor 2
gui_zoom -window Wave.1 -factor 2
gui_list_select -id Wave.1 -selected  { uart_tb.dut_rx.rx   }
gui_zoom -window Wave.1 -factor 2
gui_zoom -window Wave.1 -factor 2
gui_zoom -window Wave.1 -factor 2
gui_zoom -window Wave.1 -factor 2
gui_zoom -window Wave.1 -factor 2
gui_list_select -id Wave.1 -selected  { {uart_tb.dut_rx.data[8:0]}   }
gui_list_select -id Wave.1 -selected  { uart_tb.dut_rx.reset_n   }
gui_list_select -id Wave.1 -selected  { {uart_tb.dut_rx.data[8:0]}   }
gui_sim_restart
gui_sim_continue  
gui_zoom -window Wave.1 -factor 0.5
gui_zoom -window Wave.1 -factor 0.5
gui_zoom -window Wave.1 -factor 0.5
gui_zoom -window Wave.1 -factor 0.5
gui_zoom -window Wave.1 -factor 0.5
gui_wv_scroll_hslidermove -id  Wave.1 0
gui_sim_restart
gui_sim_continue  
gui_wv_scroll_hslidermove -id  Wave.1 0
gui_list_select -id Hier.1 -current_item_name uart_tb.dut_rx -current_item_type Scope  -selected  { uart_tb.dut_rx   }
gui_list_select -id Hier.1 -current_item_name uart_tb.dut_rx.fsm -current_item_type Scope  -selected  { uart_tb.dut_rx.fsm   }
gui_open_window Wave
gui_list_add -id Wave.2 -from Hier.1 { uart_tb.dut_rx.fsm } -insertionbar
gui_sim_restart
gui_sim_continue  
gui_list_select -id Wave.2 -selected  { uart_tb.dut_rx.fsm.collect_data   }
gui_list_select -id Wave.2 -selected  { {uart_tb.dut_rx.fsm.next_state[1:0]}   }
gui_list_select -id Wave.2 -selected  { uart_tb.dut_rx.fsm.collect_data   }
gui_wv_scroll_hslidermove -id  Wave.2 1768
gui_marker_move -id  Wave.2 C1 662
gui_zoom -window Wave.2 -factor 0.5
gui_zoom -window Wave.2 -factor 0.5
gui_zoom -window Wave.2 -factor 0.5
gui_wv_scroll_hslidermove -id  Wave.2 0
gui_wv_scroll_hslidermove -id  Wave.1 0
gui_list_select -id Wave.1 -selected  { uart_tb.dut_rx.rx   }
gui_marker_move -id  Wave.1 C1 404
gui_marker_move -id  Wave.1 C1 500
gui_marker_move -id  Wave.1 C1 180
gui_marker_move -id  Wave.1 C1 502
gui_list_select -id Wave.1 -selected  { {uart_tb.dut_rx.data_counter[3:0]}   }
gui_sim_restart
gui_sim_continue  
gui_list_select -id Wave.1 -selected  { uart_tb.dut_rx.collect_data   }
gui_list_select -id Wave.1 -selected  { {uart_tb.dut_rx.data[8:0]}   }
gui_wv_scroll_hslidermove -id  Wave.1 0
gui_list_set_selected_property -id Wave.1 -radix binary
gui_wv_scroll_hslidermove -id  Wave.1 776
gui_sim_restart
gui_sim_continue  
gui_marker_move -id  Wave.1 C1 19859
gui_wv_scroll_hslidermove -id  Wave.1 25673
gui_zoom -window Wave.1 -factor 0.5
gui_zoom -window Wave.1 -factor 0.5
gui_marker_move -id  Wave.1 C1 508
gui_marker_move -id  Wave.1 C1 839
gui_marker_move -id  Wave.1 C1 1149
gui_marker_move -id  Wave.1 C1 1504
gui_marker_move -id  Wave.1 C1 1825
gui_marker_move -id  Wave.1 C1 2141
gui_marker_move -id  Wave.1 C1 2539
gui_marker_move -id  Wave.1 C1 2481
gui_wv_scroll_hslidermove -id  Wave.1 491
gui_marker_move -id  Wave.1 C1 2790
gui_marker_move -id  Wave.1 C1 3130
gui_sim_restart
gui_sim_continue  
gui_wv_scroll_hslidermove -id  Wave.1 2412
gui_wv_scroll_hslidermove -id  Wave.1 2867
gui_wv_scroll_hslidermove -id  Wave.1 723
gui_marker_move -id  Wave.1 C1 3311
gui_marker_move -id  Wave.1 C1 3296
gui_marker_move -id  Wave.1 C1 3111
gui_marker_move -id  Wave.1 C1 3437
gui_marker_move -id  Wave.1 C1 3268
gui_sim_restart
gui_sim_continue  
gui_wv_scroll_hslidermove -id  Wave.1 566
gui_list_select -id Wave.1 -selected  { uart_tb.dut_rx.done_data   }
gui_marker_move -id  Wave.1 C1 3111
gui_list_select -id Wave.1 -selected  { uart_tb.dut_rx.done   }
gui_marker_move -id  Wave.1 C1 3437
gui_wv_scroll_hslidermove -id  Wave.1 597
gui_wv_scroll_hslidermove -id  Wave.1 1877
gui_wv_scroll_hslidermove -id  Wave.1 3307
gui_close_window -window TopLevel.1
gui_close_window -window TopLevel.2
