Chronologic VCS simulator copyright 1991-2022
Contains Synopsys proprietary information.
Compiler version T-2022.06_Full64; Runtime version T-2022.06_Full64;  Apr 22 16:48 2024
VCD+ Writer T-2022.06_Full64 Copyright (c) 1991-2022 by Synopsys Inc.
The file '/afs/andrew.cmu.edu/usr3/jaehyun3/private/18224-sftp/BobATC/inter.vpd' was opened successfully.
$finish called from file "uart.sv", line 44.
$finish at simulation time                20011
Simulation complete, time is 20011.
Chronologic VCS simulator copyright 1991-2022
Contains Synopsys proprietary information.
Compiler version T-2022.06_Full64; Runtime version T-2022.06_Full64;  Apr 22 16:49 2024
VCD+ Writer T-2022.06_Full64 Copyright (c) 1991-2022 by Synopsys Inc.
The file '/afs/andrew.cmu.edu/usr3/jaehyun3/private/18224-sftp/BobATC/inter.vpd' was opened successfully.
$finish called from file "uart.sv", line 44.
$finish at simulation time                20011
Simulation complete, time is 20011.
Chronologic VCS simulator copyright 1991-2022
Contains Synopsys proprietary information.
Compiler version T-2022.06_Full64; Runtime version T-2022.06_Full64;  Apr 22 17:01 2024
VCD+ Writer T-2022.06_Full64 Copyright (c) 1991-2022 by Synopsys Inc.
The file '/afs/andrew.cmu.edu/usr3/jaehyun3/private/18224-sftp/BobATC/inter.vpd' was opened successfully.
$finish called from file "uart.sv", line 44.
$finish at simulation time                20011
Simulation complete, time is 20011.
Chronologic VCS simulator copyright 1991-2022
Contains Synopsys proprietary information.
Compiler version T-2022.06_Full64; Runtime version T-2022.06_Full64;  Apr 22 17:06 2024
VCD+ Writer T-2022.06_Full64 Copyright (c) 1991-2022 by Synopsys Inc.
The file '/afs/andrew.cmu.edu/usr3/jaehyun3/private/18224-sftp/BobATC/inter.vpd' was opened successfully.
$finish called from file "uart.sv", line 44.
$finish at simulation time                20011
Simulation complete, time is 20011.
Chronologic VCS simulator copyright 1991-2022
Contains Synopsys proprietary information.
Compiler version T-2022.06_Full64; Runtime version T-2022.06_Full64;  Apr 22 17:06 2024
VCD+ Writer T-2022.06_Full64 Copyright (c) 1991-2022 by Synopsys Inc.
The file '/afs/andrew.cmu.edu/usr3/jaehyun3/private/18224-sftp/BobATC/inter.vpd' was opened successfully.
$finish called from file "uart.sv", line 44.
$finish at simulation time                20011
Simulation complete, time is 20011.
Chronologic VCS simulator copyright 1991-2022
Contains Synopsys proprietary information.
Compiler version T-2022.06_Full64; Runtime version T-2022.06_Full64;  Apr 22 17:22 2024
VCD+ Writer T-2022.06_Full64 Copyright (c) 1991-2022 by Synopsys Inc.
The file '/afs/andrew.cmu.edu/usr3/jaehyun3/private/18224-sftp/BobATC/inter.vpd' was opened successfully.
$finish called from file "uart.sv", line 44.
$finish at simulation time                20011
Simulation complete, time is 20011.
Chronologic VCS simulator copyright 1991-2022
Contains Synopsys proprietary information.
Compiler version T-2022.06_Full64; Runtime version T-2022.06_Full64;  Apr 22 17:23 2024
VCD+ Writer T-2022.06_Full64 Copyright (c) 1991-2022 by Synopsys Inc.
The file '/afs/andrew.cmu.edu/usr3/jaehyun3/private/18224-sftp/BobATC/inter.vpd' was opened successfully.
$finish called from file "uart.sv", line 44.
$finish at simulation time                20011
Simulation complete, time is 20011.
Chronologic VCS simulator copyright 1991-2022
Contains Synopsys proprietary information.
Compiler version T-2022.06_Full64; Runtime version T-2022.06_Full64;  Apr 22 17:59 2024
VCD+ Writer T-2022.06_Full64 Copyright (c) 1991-2022 by Synopsys Inc.
The file '/afs/andrew.cmu.edu/usr3/jaehyun3/private/18224-sftp/BobATC/inter.vpd' was opened successfully.
$finish called from file "uart.sv", line 44.
$finish at simulation time                20011
Simulation complete, time is 20011.
Chronologic VCS simulator copyright 1991-2022
Contains Synopsys proprietary information.
Compiler version T-2022.06_Full64; Runtime version T-2022.06_Full64;  Apr 22 18:33 2024
VCD+ Writer T-2022.06_Full64 Copyright (c) 1991-2022 by Synopsys Inc.
The file '/afs/andrew.cmu.edu/usr3/jaehyun3/private/18224-sftp/BobATC/inter.vpd' was opened successfully.
HELLO
HELLO
HELLO
HELLO
HELLO
HELLO
HELLO
HELLO
HELLO
HELLO
HELLO
HELLO
HELLO
HELLO
HELLO
HELLO
HELLO
HELLO
HELLO
HELLO
HELLO
HELLO
HELLO
HELLO
HELLO
HELLO
HELLO
HELLO
HELLO
HELLO
$finish called from file "uart.sv", line 44.
$finish at simulation time                20011
Simulation complete, time is 20011.
Chronologic VCS simulator copyright 1991-2022
Contains Synopsys proprietary information.
Compiler version T-2022.06_Full64; Runtime version T-2022.06_Full64;  Apr 22 18:35 2024
VCD+ Writer T-2022.06_Full64 Copyright (c) 1991-2022 by Synopsys Inc.
The file '/afs/andrew.cmu.edu/usr3/jaehyun3/private/18224-sftp/BobATC/inter.vpd' was opened successfully.
$finish called from file "uart.sv", line 44.
$finish at simulation time                20011
Simulation complete, time is 20011.
Chronologic VCS simulator copyright 1991-2022
Contains Synopsys proprietary information.
Compiler version T-2022.06_Full64; Runtime version T-2022.06_Full64;  Apr 22 18:37 2024
VCD+ Writer T-2022.06_Full64 Copyright (c) 1991-2022 by Synopsys Inc.
The file '/afs/andrew.cmu.edu/usr3/jaehyun3/private/18224-sftp/BobATC/inter.vpd' was opened successfully.
$finish called from file "uart.sv", line 44.
$finish at simulation time                20011
Simulation complete, time is 20011.
Chronologic VCS simulator copyright 1991-2022
Contains Synopsys proprietary information.
Compiler version T-2022.06_Full64; Runtime version T-2022.06_Full64;  Apr 22 18:39 2024
VCD+ Writer T-2022.06_Full64 Copyright (c) 1991-2022 by Synopsys Inc.
The file '/afs/andrew.cmu.edu/usr3/jaehyun3/private/18224-sftp/BobATC/inter.vpd' was opened successfully.
$finish called from file "uart.sv", line 44.
$finish at simulation time                20011
Simulation complete, time is 20011.
           V C S   S i m u l a t i o n   R e p o r t 
Time: 20011
CPU Time:      0.260 seconds;       Data structure size:   0.0Mb
Mon Apr 22 21:55:00 2024
